27-06-2024 21:57:51.817 http-nio-9000-exec-1  INFO DirectJDKLog - Initializing Spring DispatcherServlet 'dispatcherServlet'
27-06-2024 21:57:51.818 http-nio-9000-exec-1  INFO FrameworkServlet - Initializing Servlet 'dispatcherServlet'
27-06-2024 21:57:51.820 http-nio-9000-exec-1  INFO FrameworkServlet - Completed initialization in 2 ms
27-06-2024 21:57:51.823 http-nio-9000-exec-1 XXXXXXXX INFO HotelService - Inserting Hotel Record fabindia to the application 
27-06-2024 21:57:51.830 http-nio-9000-exec-1 XXXXXXXX ERROR HotelService - Duplicate record fabindia exist in the database with id 23
27-06-2024 22:02:43.000 AsyncResolver-bootstrap-executor-0  INFO ConfigClusterResolver - Resolving eureka endpoints via configuration
27-06-2024 22:07:43.013 AsyncResolver-bootstrap-executor-0  INFO ConfigClusterResolver - Resolving eureka endpoints via configuration
27-06-2024 22:12:37.147 File Watcher  INFO LocalDevToolsAutoConfiguration$RestartingClassPathChangeChangedEventListener - Restarting due to 1 class path change (0 additions, 0 deletions, 1 modification)
27-06-2024 22:12:37.148 Thread-35  INFO EurekaServiceRegistry - Unregistering application INVENTORY with eureka with status DOWN
27-06-2024 22:12:37.148 Thread-35  INFO DiscoveryClient$3 - Saw local status change event StatusChangeEvent [timestamp=1719506557148, current=DOWN, previous=UP]
27-06-2024 22:12:37.149 DiscoveryClient-InstanceInfoReplicator-0  INFO DiscoveryClient - DiscoveryClient_INVENTORY/host.docker.internal:inventory:9000: registering service...
27-06-2024 22:12:37.160 DiscoveryClient-InstanceInfoReplicator-0  INFO DiscoveryClient - DiscoveryClient_INVENTORY/host.docker.internal:inventory:9000 - registration status: 204
27-06-2024 22:12:37.277 Thread-35  INFO DirectJDKLog - Stopping service [Tomcat]
27-06-2024 22:12:37.278 Thread-35  INFO DirectJDKLog - Destroying Spring FrameworkServlet 'dispatcherServlet'
27-06-2024 22:12:37.285 Thread-35  INFO AbstractEntityManagerFactoryBean - Closing JPA EntityManagerFactory for persistence unit 'default'
27-06-2024 22:12:37.286 Thread-35  INFO HikariDataSource - HikariPool-6 - Shutdown initiated...
27-06-2024 22:12:37.296 Thread-35  INFO HikariDataSource - HikariPool-6 - Shutdown completed.
27-06-2024 22:12:37.297 Thread-35  INFO DiscoveryClient - Shutting down DiscoveryClient ...
27-06-2024 22:12:40.304 Thread-35  INFO DiscoveryClient - Unregistering ...
27-06-2024 22:12:40.319 Thread-35  INFO DiscoveryClient - DiscoveryClient_INVENTORY/host.docker.internal:inventory:9000 - deregister  status: 200
27-06-2024 22:12:40.321 Thread-35  INFO DiscoveryClient - Completed shut down of DiscoveryClient
27-06-2024 22:12:41 restartedMain  INFO StartupInfoLogger - Starting InventoryApplication using Java 1.8.0_291 on LAPTOP-29U408VB with PID 21540 (D:\Learning\Microservices\Hotel\inventory\target\classes started by govin in D:\Learning\Microservices\Hotel\inventory)
27-06-2024 22:12:41 restartedMain  INFO SpringApplication - The following 1 profile is active: "dev"
27-06-2024 22:12:41 restartedMain  INFO DeferredLog - Fetching config from server at : http://localhost:8000
27-06-2024 22:12:41 restartedMain  INFO DeferredLog - Located environment: name=inventory, profiles=[dev], label=null, version=644e6c1a80ba4e408db01c2e77678ae52c14d7b8, state=null
27-06-2024 22:12:41 restartedMain  INFO RepositoryConfigurationDelegate - Bootstrapping Spring Data JPA repositories in DEFAULT mode.
27-06-2024 22:12:41 restartedMain  INFO RepositoryConfigurationDelegate - Finished Spring Data repository scanning in 6 ms. Found 2 JPA repository interfaces.
27-06-2024 22:12:41 restartedMain  INFO GenericScope - BeanFactory id=4531eab6-e50e-3bd5-bf68-9b905222c9d4
27-06-2024 22:12:41 restartedMain  INFO TomcatWebServer - Tomcat initialized with port(s): 9000 (http)
27-06-2024 22:12:41 restartedMain  INFO DirectJDKLog - Starting service [Tomcat]
27-06-2024 22:12:41 restartedMain  INFO DirectJDKLog - Starting Servlet engine: [Apache Tomcat/9.0.70]
27-06-2024 22:12:41 restartedMain  INFO DirectJDKLog - Initializing Spring embedded WebApplicationContext
27-06-2024 22:12:41 restartedMain  INFO ServletWebServerApplicationContext - Root WebApplicationContext: initialization completed in 388 ms
27-06-2024 22:12:41 restartedMain  INFO LogHelper - HHH000204: Processing PersistenceUnitInfo [name: default]
27-06-2024 22:12:41 restartedMain  INFO HikariDataSource - HikariPool-7 - Starting...
27-06-2024 22:12:41 restartedMain  INFO HikariDataSource - HikariPool-7 - Start completed.
27-06-2024 22:12:41 restartedMain  INFO Dialect - HHH000400: Using dialect: org.hibernate.dialect.MySQL5InnoDBDialect
27-06-2024 22:12:42 restartedMain  INFO JtaPlatformInitiator - HHH000490: Using JtaPlatform implementation: [org.hibernate.engine.transaction.jta.platform.internal.NoJtaPlatform]
27-06-2024 22:12:42 restartedMain  INFO AbstractEntityManagerFactoryBean - Initialized JPA EntityManagerFactory for persistence unit 'default'
27-06-2024 22:12:42 restartedMain  WARN JpaBaseConfiguration$JpaWebConfiguration - spring.jpa.open-in-view is enabled by default. Therefore, database queries may be performed during view rendering. Explicitly configure spring.jpa.open-in-view to disable this warning
27-06-2024 22:12:42 restartedMain  WARN OptionalLiveReloadServer - Unable to start LiveReload server
27-06-2024 22:12:42 restartedMain  INFO DiscoveryClientOptionalArgsConfiguration - Eureka HTTP Client uses RestTemplate.
27-06-2024 22:12:42 restartedMain  WARN LoadBalancerCacheAutoConfiguration$LoadBalancerCaffeineWarnLogger - Spring Cloud LoadBalancer is currently working with the default cache. While this cache implementation is useful for development and tests, it's recommended to use Caffeine cache in production.You can switch to using Caffeine cache, by adding it and org.springframework.cache.caffeine.CaffeineCacheManager to the classpath.
27-06-2024 22:12:42 restartedMain  INFO EndpointLinksResolver - Exposing 1 endpoint(s) beneath base path '/actuator'
27-06-2024 22:12:42 restartedMain  INFO InstanceInfoFactory - Setting initial instance status as: STARTING
27-06-2024 22:12:42 restartedMain  INFO DiscoveryClient - Initializing Eureka in region us-east-1
27-06-2024 22:12:42 restartedMain  INFO ConfigClusterResolver - Resolving eureka endpoints via configuration
27-06-2024 22:12:42 restartedMain  INFO DiscoveryClient - Disable delta property : false
27-06-2024 22:12:42 restartedMain  INFO DiscoveryClient - Single vip registry refresh property : null
27-06-2024 22:12:42 restartedMain  INFO DiscoveryClient - Force full registry fetch : false
27-06-2024 22:12:42 restartedMain  INFO DiscoveryClient - Application is null : false
27-06-2024 22:12:42 restartedMain  INFO DiscoveryClient - Registered Applications size is zero : true
27-06-2024 22:12:42 restartedMain  INFO DiscoveryClient - Application version is -1: true
27-06-2024 22:12:42 restartedMain  INFO DiscoveryClient - Getting all instance registry info from the eureka server
27-06-2024 22:12:42 restartedMain  INFO DiscoveryClient - The response status is 200
27-06-2024 22:12:42 restartedMain  INFO DiscoveryClient - Starting heartbeat executor: renew interval is: 30
27-06-2024 22:12:42 restartedMain  INFO InstanceInfoReplicator - InstanceInfoReplicator onDemand update allowed rate per min is 4
27-06-2024 22:12:42 restartedMain  INFO DiscoveryClient - Discovery Client initialized at timestamp 1719506562757 with initial instances count: 3
27-06-2024 22:12:42 restartedMain  INFO EurekaServiceRegistry - Registering application INVENTORY with eureka with status UP
27-06-2024 22:12:42 restartedMain  INFO DiscoveryClient$3 - Saw local status change event StatusChangeEvent [timestamp=1719506562758, current=UP, previous=STARTING]
27-06-2024 22:12:42 DiscoveryClient-InstanceInfoReplicator-0  INFO DiscoveryClient - DiscoveryClient_INVENTORY/host.docker.internal:inventory:9000: registering service...
27-06-2024 22:12:42 restartedMain  INFO TomcatWebServer - Tomcat started on port(s): 9000 (http) with context path '/hotel'
27-06-2024 22:12:42 restartedMain  INFO EurekaAutoServiceRegistration - Updating port to 9000
27-06-2024 22:12:42 DiscoveryClient-InstanceInfoReplicator-0  INFO DiscoveryClient - DiscoveryClient_INVENTORY/host.docker.internal:inventory:9000 - registration status: 204
27-06-2024 22:12:42 restartedMain  INFO StartupInfoLogger - Started InventoryApplication in 2.432 seconds (JVM running for 5461.033)
27-06-2024 22:12:42 restartedMain  INFO ConditionEvaluationDeltaLoggingListener - Condition evaluation unchanged
27-06-2024 22:14:26 http-nio-9000-exec-2  INFO DirectJDKLog - Initializing Spring DispatcherServlet 'dispatcherServlet'
27-06-2024 22:14:26 http-nio-9000-exec-2  INFO FrameworkServlet - Initializing Servlet 'dispatcherServlet'
27-06-2024 22:14:26 http-nio-9000-exec-2  INFO FrameworkServlet - Completed initialization in 1 ms
27-06-2024 22:14:26 http-nio-9000-exec-2 XXXXXXXX INFO HotelService - Inserting Hotel Record fabindia to the application 
27-06-2024 22:14:26 http-nio-9000-exec-2 XXXXXXXX ERROR HotelService - Duplicate record fabindia exist in the database with id 23
27-06-2024 22:17:42 AsyncResolver-bootstrap-executor-0  INFO ConfigClusterResolver - Resolving eureka endpoints via configuration
27-06-2024 22:22:42 AsyncResolver-bootstrap-executor-0  INFO ConfigClusterResolver - Resolving eureka endpoints via configuration
27-06-2024 22:27:42 AsyncResolver-bootstrap-executor-0  INFO ConfigClusterResolver - Resolving eureka endpoints via configuration
